生成启动时间为 2018/12/18 19:02:26。
     1>项目“D:\FC16\FC16\MainLogic\MainLogic\MainLogic.vcxproj”在节点 2 上(Build 个目标)。
     1>ClCompile:
         D:\Titter\Documents\VC\bin\CL.exe /c /ZI /nologo /W3 /WX- /Od /Oy- /D WIN32 /D _DEBUG /D _CONSOLE /D _UNICODE /D UNICODE /Gm /EHsc /RTC1 /MDd /GS /fp:precise /Zc:wchar_t /Zc:forScope /Fo"Debug\\" /Fd"Debug\vc110.pdb" /Gd /TP /analyze- /errorReport:prompt MainLogic.cpp
         MainLogic.cpp
     1>d:\fc16\fc16\mainlogic\mainlogic\mainlogic.cpp(129): warning C4018: “<”: 有符号/无符号不匹配
     1>d:\fc16\fc16\mainlogic\mainlogic\mainlogic.cpp(191): warning C4018: “<”: 有符号/无符号不匹配
     1>d:\fc16\fc16\mainlogic\mainlogic\mainlogic.cpp(212): warning C4018: “<”: 有符号/无符号不匹配
     1>d:\fc16\fc16\mainlogic\mainlogic\mainlogic.cpp(320): warning C4018: “<”: 有符号/无符号不匹配
     1>d:\fc16\fc16\mainlogic\mainlogic\mainlogic.cpp(373): warning C4018: “<”: 有符号/无符号不匹配
     1>d:\fc16\fc16\mainlogic\mainlogic\mainlogic.cpp(395): warning C4018: “<”: 有符号/无符号不匹配
     1>d:\fc16\fc16\mainlogic\mainlogic\mainlogic.cpp(421): warning C4018: “<”: 有符号/无符号不匹配
     1>d:\fc16\fc16\mainlogic\mainlogic\mainlogic.cpp(427): warning C4018: “<”: 有符号/无符号不匹配
     1>d:\fc16\fc16\mainlogic\mainlogic\mainlogic.cpp(439): warning C4244: “初始化”: 从“int”转换到“float”，可能丢失数据
     1>d:\fc16\fc16\mainlogic\mainlogic\mainlogic.cpp(445): warning C4018: “<”: 有符号/无符号不匹配
     1>d:\fc16\fc16\mainlogic\mainlogic\mainlogic.cpp(468): warning C4018: “<”: 有符号/无符号不匹配
     1>d:\fc16\fc16\mainlogic\mainlogic\mainlogic.cpp(477): warning C4018: “<”: 有符号/无符号不匹配
     1>d:\fc16\fc16\mainlogic\mainlogic\mainlogic.cpp(494): warning C4018: “<”: 有符号/无符号不匹配
     1>d:\fc16\fc16\mainlogic\mainlogic\mainlogic.cpp(587): warning C4018: “<”: 有符号/无符号不匹配
     1>d:\fc16\fc16\mainlogic\mainlogic\mainlogic.cpp(723): warning C4018: “<”: 有符号/无符号不匹配
     1>d:\fc16\fc16\mainlogic\mainlogic\mainlogic.cpp(768): warning C4018: “<”: 有符号/无符号不匹配
     1>d:\fc16\fc16\mainlogic\mainlogic\mainlogic.cpp(859): warning C4018: “<”: 有符号/无符号不匹配
     1>d:\fc16\fc16\mainlogic\mainlogic\mainlogic.cpp(967): warning C4018: “<”: 有符号/无符号不匹配
     1>d:\fc16\fc16\mainlogic\mainlogic\mainlogic.cpp(1020): warning C4018: “<”: 有符号/无符号不匹配
     1>d:\fc16\fc16\mainlogic\mainlogic\mainlogic.cpp(1042): warning C4018: “<”: 有符号/无符号不匹配
     1>d:\fc16\fc16\mainlogic\mainlogic\mainlogic.cpp(1068): warning C4018: “<”: 有符号/无符号不匹配
     1>d:\fc16\fc16\mainlogic\mainlogic\mainlogic.cpp(1074): warning C4018: “<”: 有符号/无符号不匹配
     1>d:\fc16\fc16\mainlogic\mainlogic\mainlogic.cpp(1086): warning C4244: “初始化”: 从“int”转换到“float”，可能丢失数据
     1>d:\fc16\fc16\mainlogic\mainlogic\mainlogic.cpp(1092): warning C4018: “<”: 有符号/无符号不匹配
     1>d:\fc16\fc16\mainlogic\mainlogic\mainlogic.cpp(1115): warning C4018: “<”: 有符号/无符号不匹配
     1>d:\fc16\fc16\mainlogic\mainlogic\mainlogic.cpp(1124): warning C4018: “<”: 有符号/无符号不匹配
     1>d:\fc16\fc16\mainlogic\mainlogic\mainlogic.cpp(1141): warning C4018: “<”: 有符号/无符号不匹配
     1>d:\fc16\fc16\mainlogic\mainlogic\mainlogic.cpp(1234): warning C4018: “<”: 有符号/无符号不匹配
     1>d:\fc16\fc16\mainlogic\mainlogic\mainlogic.cpp(1370): warning C4018: “<”: 有符号/无符号不匹配
     1>d:\fc16\fc16\mainlogic\mainlogic\mainlogic.cpp(1415): warning C4018: “<”: 有符号/无符号不匹配
     1>d:\fc16\fc16\mainlogic\mainlogic\mainlogic.cpp(1506): warning C4018: “<”: 有符号/无符号不匹配
     1>d:\fc16\fc16\mainlogic\mainlogic\mainlogic.cpp(1614): warning C4018: “<”: 有符号/无符号不匹配
     1>d:\fc16\fc16\mainlogic\mainlogic\mainlogic.cpp(1667): warning C4018: “<”: 有符号/无符号不匹配
     1>d:\fc16\fc16\mainlogic\mainlogic\mainlogic.cpp(1689): warning C4018: “<”: 有符号/无符号不匹配
     1>d:\fc16\fc16\mainlogic\mainlogic\mainlogic.cpp(1715): warning C4018: “<”: 有符号/无符号不匹配
     1>d:\fc16\fc16\mainlogic\mainlogic\mainlogic.cpp(1721): warning C4018: “<”: 有符号/无符号不匹配
     1>d:\fc16\fc16\mainlogic\mainlogic\mainlogic.cpp(1733): warning C4244: “初始化”: 从“int”转换到“float”，可能丢失数据
     1>d:\fc16\fc16\mainlogic\mainlogic\mainlogic.cpp(1739): warning C4018: “<”: 有符号/无符号不匹配
     1>d:\fc16\fc16\mainlogic\mainlogic\mainlogic.cpp(1762): warning C4018: “<”: 有符号/无符号不匹配
     1>d:\fc16\fc16\mainlogic\mainlogic\mainlogic.cpp(1771): warning C4018: “<”: 有符号/无符号不匹配
     1>d:\fc16\fc16\mainlogic\mainlogic\mainlogic.cpp(1788): warning C4018: “<”: 有符号/无符号不匹配
     1>d:\fc16\fc16\mainlogic\mainlogic\mainlogic.cpp(1881): warning C4018: “<”: 有符号/无符号不匹配
     1>d:\fc16\fc16\mainlogic\mainlogic\mainlogic.cpp(2017): warning C4018: “<”: 有符号/无符号不匹配
     1>d:\fc16\fc16\mainlogic\mainlogic\mainlogic.cpp(2062): warning C4018: “<”: 有符号/无符号不匹配
     1>d:\fc16\fc16\mainlogic\mainlogic\mainlogic.cpp(2153): warning C4018: “<”: 有符号/无符号不匹配
     1>d:\fc16\fc16\mainlogic\mainlogic\mainlogic.cpp(2261): warning C4018: “<”: 有符号/无符号不匹配
     1>d:\fc16\fc16\mainlogic\mainlogic\mainlogic.cpp(2314): warning C4018: “<”: 有符号/无符号不匹配
     1>d:\fc16\fc16\mainlogic\mainlogic\mainlogic.cpp(2336): warning C4018: “<”: 有符号/无符号不匹配
     1>d:\fc16\fc16\mainlogic\mainlogic\mainlogic.cpp(2362): warning C4018: “<”: 有符号/无符号不匹配
     1>d:\fc16\fc16\mainlogic\mainlogic\mainlogic.cpp(2368): warning C4018: “<”: 有符号/无符号不匹配
     1>d:\fc16\fc16\mainlogic\mainlogic\mainlogic.cpp(2380): warning C4244: “初始化”: 从“int”转换到“float”，可能丢失数据
     1>d:\fc16\fc16\mainlogic\mainlogic\mainlogic.cpp(2386): warning C4018: “<”: 有符号/无符号不匹配
     1>d:\fc16\fc16\mainlogic\mainlogic\mainlogic.cpp(2409): warning C4018: “<”: 有符号/无符号不匹配
     1>d:\fc16\fc16\mainlogic\mainlogic\mainlogic.cpp(2418): warning C4018: “<”: 有符号/无符号不匹配
     1>d:\fc16\fc16\mainlogic\mainlogic\mainlogic.cpp(2435): warning C4018: “<”: 有符号/无符号不匹配
     1>d:\fc16\fc16\mainlogic\mainlogic\mainlogic.cpp(2528): warning C4018: “<”: 有符号/无符号不匹配
     1>d:\fc16\fc16\mainlogic\mainlogic\mainlogic.cpp(2664): warning C4018: “<”: 有符号/无符号不匹配
     1>d:\fc16\fc16\mainlogic\mainlogic\mainlogic.cpp(2709): warning C4018: “<”: 有符号/无符号不匹配
     1>d:\fc16\fc16\mainlogic\mainlogic\mainlogic.cpp(2800): warning C4018: “<”: 有符号/无符号不匹配
     1>d:\fc16\fc16\mainlogic\mainlogic\mainlogic.cpp(2974): warning C4018: “<”: 有符号/无符号不匹配
     1>d:\fc16\fc16\mainlogic\mainlogic\mainlogic.cpp(2988): warning C4018: “<”: 有符号/无符号不匹配
       Link:
         D:\Titter\Documents\VC\bin\link.exe /ERRORREPORT:PROMPT /OUT:"D:\FC16\FC16\MainLogic\Debug\MainLogic.exe" /INCREMENTAL /NOLOGO kernel32.lib user32.lib gdi32.lib winspool.lib comdlg32.lib advapi32.lib shell32.lib ole32.lib oleaut32.lib uuid.lib odbc32.lib odbccp32.lib /MANIFEST /MANIFESTUAC:"level='asInvoker' uiAccess='false'" /manifest:embed /DEBUG /PDB:"D:\FC16\FC16\MainLogic\Debug\MainLogic.pdb" /SUBSYSTEM:CONSOLE /TLBID:1 /DYNAMICBASE /NXCOMPAT /IMPLIB:"D:\FC16\FC16\MainLogic\Debug\MainLogic.lib" /MACHINE:X86 Debug\MainLogic.obj
         Debug\Map.obj
         Debug\stdafx.obj
         MainLogic.vcxproj -> D:\FC16\FC16\MainLogic\Debug\MainLogic.exe
     1>已完成生成项目“D:\FC16\FC16\MainLogic\MainLogic\MainLogic.vcxproj”(Build 个目标)的操作。

生成成功。

已用时间 00:00:03.68
